Build started 5/3/2017 8:07:26 AM.
     1>Project "C:\Users\HafizHamza\Documents\Visual Studio 2010\Projects\palindrome\palindrome\palindrome.vcxproj" on node 2 (build target(s)).
     1>InitializeBuildStatus:
         Creating "Debug\palindrome.unsuccessfulbuild" because "AlwaysCreate" was specified.
       ClCompile:
         C:\Program Files (x86)\Microsoft Visual Studio 10.0\VC\bin\CL.exe /c /ZI /nologo /W3 /WX- /Od /Oy- /D _MBCS /Gm /EHsc /RTC1 /MDd /GS /fp:precise /Zc:wchar_t /Zc:forScope /Fo"Debug\\" /Fd"Debug\vc100.pdb" /Gd /TP /analyze- /errorReport:prompt Palindrome.cpp
         Palindrome.cpp
     1>c:\users\hafizhamza\documents\visual studio 2010\projects\palindrome\palindrome\palindrome.cpp(12): warning C4996: 'strrev': The POSIX name for this item is deprecated. Instead, use the ISO C++ conformant name: _strrev. See online help for details.
                 c:\program files (x86)\microsoft visual studio 10.0\vc\include\string.h(250) : see declaration of 'strrev'
     1>c:\users\hafizhamza\documents\visual studio 2010\projects\palindrome\palindrome\palindrome.cpp(15): warning C4996: 'strrev': The POSIX name for this item is deprecated. Instead, use the ISO C++ conformant name: _strrev. See online help for details.
                 c:\program files (x86)\microsoft visual studio 10.0\vc\include\string.h(250) : see declaration of 'strrev'
     1>c:\users\hafizhamza\documents\visual studio 2010\projects\palindrome\palindrome\palindrome.cpp(19): warning C4996: 'strrev': The POSIX name for this item is deprecated. Instead, use the ISO C++ conformant name: _strrev. See online help for details.
                 c:\program files (x86)\microsoft visual studio 10.0\vc\include\string.h(250) : see declaration of 'strrev'
     1>c:\users\hafizhamza\documents\visual studio 2010\projects\palindrome\palindrome\palindrome.cpp(23): warning C4996: 'getch': The POSIX name for this item is deprecated. Instead, use the ISO C++ conformant name: _getch. See online help for details.
                 c:\program files (x86)\microsoft visual studio 10.0\vc\include\conio.h(128) : see declaration of 'getch'
       Link:
         C:\Program Files (x86)\Microsoft Visual Studio 10.0\VC\bin\link.exe /ERRORREPORT:PROMPT /OUT:"C:\Users\HafizHamza\Documents\Visual Studio 2010\Projects\palindrome\Debug\palindrome.exe" /NOLOGO kernel32.lib user32.lib gdi32.lib winspool.lib comdlg32.lib advapi32.lib shell32.lib ole32.lib oleaut32.lib uuid.lib odbc32.lib odbccp32.lib /MANIFEST /ManifestFile:"Debug\palindrome.exe.intermediate.manifest" /MANIFESTUAC:"level='asInvoker' uiAccess='false'" /DEBUG /PDB:"C:\Users\HafizHamza\Documents\Visual Studio 2010\Projects\palindrome\Debug\palindrome.pdb" /TLBID:1 /DYNAMICBASE /NXCOMPAT /IMPLIB:"C:\Users\HafizHamza\Documents\Visual Studio 2010\Projects\palindrome\Debug\palindrome.lib" /MACHINE:X86 Debug\Palindrome.obj
         LINK : C:\Users\HafizHamza\Documents\Visual Studio 2010\Projects\palindrome\Debug\palindrome.exe not found or not built by the last incremental link; performing full link
         palindrome.vcxproj -> C:\Users\HafizHamza\Documents\Visual Studio 2010\Projects\palindrome\Debug\palindrome.exe
       Manifest:
         C:\Program Files (x86)\Microsoft SDKs\Windows\v7.0A\bin\mt.exe /nologo /verbose /outputresource:"C:\Users\HafizHamza\Documents\Visual Studio 2010\Projects\palindrome\Debug\palindrome.exe;#1" /manifest Debug\palindrome.exe.intermediate.manifest
       FinalizeBuildStatus:
         Deleting file "Debug\palindrome.unsuccessfulbuild".
         Touching "Debug\palindrome.lastbuildstate".
     1>Done Building Project "C:\Users\HafizHamza\Documents\Visual Studio 2010\Projects\palindrome\palindrome\palindrome.vcxproj" (build target(s)).

Build succeeded.

Time Elapsed 00:00:03.79
